0 verbose cli C:\Program Files\nodejs\node.exe C:\Program Files\nodejs\node_modules\npm\bin\npm-cli.js
1 info using npm@10.2.4
2 info using node@v20.11.1
3 timing npm:load:whichnode Completed in 3ms
4 timing config:load:defaults Completed in 4ms
5 timing config:load:file:C:\Program Files\nodejs\node_modules\npm\npmrc Completed in 8ms
6 timing config:load:builtin Completed in 8ms
7 timing config:load:cli Completed in 2ms
8 timing config:load:env Completed in 1ms
9 timing config:load:file:C:\Users\HP\Documents\gomycode\Checkpoint\React-Checkpoint-app\.npmrc Completed in 0ms
10 timing config:load:project Completed in 2ms
11 timing config:load:file:C:\Users\HP\.npmrc Completed in 2ms
12 timing config:load:user Completed in 2ms
13 timing config:load:file:C:\Users\HP\Documents\gomycode\Checkpoint\React-Checkpoint-app\UsersHPAppDataLocalnpm\etc\npmrc Completed in 1ms
14 timing config:load:global Completed in 1ms
15 timing config:load:setEnvs Completed in 1ms
16 timing config:load Completed in 21ms
17 timing npm:load:configload Completed in 21ms
18 timing config:load:flatten Completed in 4ms
19 timing npm:load:mkdirpcache Completed in 0ms
20 timing npm:load:mkdirplogs Completed in 0ms
21 verbose title npm start
22 verbose argv "start"
23 timing npm:load:setTitle Completed in 3ms
24 timing npm:load:display Completed in 1ms
25 verbose logfile logs-max:10 dir:C:\Users\HP\Documents\gomycode\Checkpoint\React-Checkpoint-app\UsersHPAppDataLocalnpm-cache\_logs\2024-05-28T21_19_01_607Z-
26 verbose logfile C:\Users\HP\Documents\gomycode\Checkpoint\React-Checkpoint-app\UsersHPAppDataLocalnpm-cache\_logs\2024-05-28T21_19_01_607Z-debug-0.log
27 timing npm:load:logFile Completed in 19ms
28 timing npm:load:timers Completed in 0ms
29 timing npm:load:configScope Completed in 0ms
30 timing npm:load Completed in 94ms
31 silly logfile done cleaning log files
32 timing command:run-script Completed in 369734ms
33 timing command:start Completed in 369762ms
34 verbose exit 3221225786
35 timing npm Completed in 370004ms
36 verbose code 3221225786
